<?xml version="1.0" encoding="UTF-8"?>
<testsuite xmlns:xsi="http://www.w3.org/2001/XMLSchema-instance" xsi:noNamespaceSchemaLocation="https://maven.apache.org/surefire/maven-surefire-plugin/xsd/surefire-test-report.xsd" name="school.sptech.projeto1.heranca.CarrinhoTest" time="0.054" tests="22" errors="1" skipped="0" failures="6">
  <properties>
[...]
</properties>
  <testcase name="quandoItensNaoDuplicadosFindNomeRepetidosDeveRetornarUmaListaVazia" classname="school.sptech.projeto1.heranca.CarrinhoTest" time="0.022">
    <failure message="expected: &lt;[]&gt; but was: &lt;null&gt;" type="org.opentest4j.AssertionFailedError"><![CDATA[org.opentest4j.AssertionFailedError: expected: <[]> but was: <null>
	at school.sptech.projeto1.heranca.CarrinhoTest.quandoItensNaoDuplicadosFindNomeRepetidosDeveRetornarUmaListaVazia(CarrinhoTest.java:231)
]]></failure>
  </testcase>
  <testcase name="dadoUmValorValidoMetodoAdicionarProdutoDeveAdicionarOProdutoNoCarrinho" classname="school.sptech.projeto1.heranca.CarrinhoTest" time="0"/>
  <testcase name="quandoLivrariECaixaAltaRemoverTodosOsProdutosDaCategoriaDeveRemoverOsProdutosCorrespondentes" classname="school.sptech.projeto1.heranca.CarrinhoTest" time="0.001">
    <failure message="expected: &lt;false&gt; but was: &lt;true&gt;" type="org.opentest4j.AssertionFailedError"><![CDATA[org.opentest4j.AssertionFailedError: expected: <false> but was: <true>
	at school.sptech.projeto1.heranca.CarrinhoTest.quandoLivrariECaixaAltaRemoverTodosOsProdutosDaCategoriaDeveRemoverOsProdutosCorrespondentes(CarrinhoTest.java:201)
]]></failure>
  </testcase>
  <testcase name="dadoUmValorInvalidoMetodoAdicionarProdutoNaoDeveAdicionarOProdutoNoCarrinho" classname="school.sptech.projeto1.heranca.CarrinhoTest" time="0"/>
  <testcase name="quandoNomeInvalidoMetodoFindProdutoPeloNomeDeveRetornarNull" classname="school.sptech.projeto1.heranca.CarrinhoTest" time="0.001"/>
  <testcase name="quandoIndiceInvalidoMetodoFindProdutoPeloIndiceDeveRetornarNull" classname="school.sptech.projeto1.heranca.CarrinhoTest" time="0.001"/>
  <testcase name="quandoNomeValidoCaixaBaixaMetodoFindProdutoPeloNomeDeveRetornarOProdutoEncontrado" classname="school.sptech.projeto1.heranca.CarrinhoTest" time="0.001"/>
  <testcase name="quandoItensDuplicadosFindNomeRepetidosDeveRetornarAListaDeNomesDuplicados" classname="school.sptech.projeto1.heranca.CarrinhoTest" time="0.001">
    <failure message="expected: &lt;[Playstation 2, Cartão de Memória]&gt; but was: &lt;null&gt;" type="org.opentest4j.AssertionFailedError"><![CDATA[org.opentest4j.AssertionFailedError: expected: <[Playstation 2, Cartão de Memória]> but was: <null>
	at school.sptech.projeto1.heranca.CarrinhoTest.quandoItensDuplicadosFindNomeRepetidosDeveRetornarAListaDeNomesDuplicados(CarrinhoTest.java:218)
]]></failure>
  </testcase>
  <testcase name="aoPassarUmValorValidoMetodoRemoverProdutoDeveRemoverOProdutoDaLista" classname="school.sptech.projeto1.heranca.CarrinhoTest" time="0.001"/>
  <testcase name="aoAdicionarProdutosMetodoParcelarProdutoDeveCalcularOValorDosItensParceladoEmTresVezes" classname="school.sptech.projeto1.heranca.CarrinhoTest" time="0.001"/>
  <testcase name="quando4ProdutosInternacionaisAdicionadosMetodoCountProdutosInternacionaisDeveRetornar4" classname="school.sptech.projeto1.heranca.CarrinhoTest" time="0.001"/>
  <testcase name="quandoCategoriaInvalidaMetodoFindProdutoPorCategoriaDeveRetornarUmaListaVazia" classname="school.sptech.projeto1.heranca.CarrinhoTest" time="0"/>
  <testcase name="quandoIndiceValidoMetodoFindProdutoPeloIndiceDeveRetornarOProdutoEncontrado" classname="school.sptech.projeto1.heranca.CarrinhoTest" time="0"/>
  <testcase name="quandoCategoriaValidaECaixaAltaMetodoFindProdutoPorCategoriaDeveRetornarOsProdutosEncontrados" classname="school.sptech.projeto1.heranca.CarrinhoTest" time="0"/>
  <testcase name="quandoIdTresMetodoFindProdutoPorIdDeveRetornarOProdutoCorrespondente" classname="school.sptech.projeto1.heranca.CarrinhoTest" time="0.001">
    <failure message="expected: &lt;school.sptech.projeto1.heranca.Produto@5609159b&gt; but was: &lt;null&gt;" type="org.opentest4j.AssertionFailedError"><![CDATA[org.opentest4j.AssertionFailedError: expected: <school.sptech.projeto1.heranca.Produto@5609159b> but was: <null>
	at school.sptech.projeto1.heranca.CarrinhoTest.quandoIdTresMetodoFindProdutoPorIdDeveRetornarOProdutoCorrespondente(CarrinhoTest.java:172)
]]></failure>
  </testcase>
  <testcase name="quandoNomeValidoMetodoFindProdutoPeloNomeDeveRetornarOProdutoEncontrado" classname="school.sptech.projeto1.heranca.CarrinhoTest" time="0.001"/>
  <testcase name="aoAdicionarProdutosMetodoCalcularTotalDeveCalcularOValorDosItensDoCarrinho" classname="school.sptech.projeto1.heranca.CarrinhoTest" time="0"/>
  <testcase name="quandoVideogameRemoverTodosOsProdutosDaCategoriaDeveRemoverOsProdutosCorrespondentes" classname="school.sptech.projeto1.heranca.CarrinhoTest" time="0">
    <failure message="expected: &lt;false&gt; but was: &lt;true&gt;" type="org.opentest4j.AssertionFailedError"><![CDATA[org.opentest4j.AssertionFailedError: expected: <false> but was: <true>
	at school.sptech.projeto1.heranca.CarrinhoTest.quandoVideogameRemoverTodosOsProdutosDaCategoriaDeveRemoverOsProdutosCorrespondentes(CarrinhoTest.java:193)
]]></failure>
  </testcase>
  <testcase name="quandoIdQuarentaEDoisMetodoFindProdutoPorIdDeveRetornarOProdutoCorrespondente" classname="school.sptech.projeto1.heranca.CarrinhoTest" time="0.001">
    <failure message="expected: &lt;school.sptech.projeto1.heranca.Produto@11fc564b&gt; but was: &lt;null&gt;" type="org.opentest4j.AssertionFailedError"><![CDATA[org.opentest4j.AssertionFailedError: expected: <school.sptech.projeto1.heranca.Produto@11fc564b> but was: <null>
	at school.sptech.projeto1.heranca.CarrinhoTest.quandoIdQuarentaEDoisMetodoFindProdutoPorIdDeveRetornarOProdutoCorrespondente(CarrinhoTest.java:179)
]]></failure>
  </testcase>
  <testcase name="quandoCategoriaValidaMetodoFindProdutoPorCategoriaDeveRetornarOsProdutosEncontrados" classname="school.sptech.projeto1.heranca.CarrinhoTest" time="0"/>
  <testcase name="quandoProdutosInternacionaisNaoAdicionadosMetodoCountProdutosInternacionaisDeveRetornar0" classname="school.sptech.projeto1.heranca.CarrinhoTest" time="0"/>
  <testcase name="quandoIdQuatroENomeGarfoMetodoUpdateNomeProdutoPeloIdDeveMudarONomeDoProdutoCorrepondente" classname="school.sptech.projeto1.heranca.CarrinhoTest" time="0">
    <error type="java.lang.NullPointerException">java.lang.NullPointerException
	at school.sptech.projeto1.heranca.CarrinhoTest.quandoIdQuatroENomeGarfoMetodoUpdateNomeProdutoPeloIdDeveMudarONomeDoProdutoCorrepondente(CarrinhoTest.java:186)
</error>
  </testcase>
</testsuite>